#
# There is insufficient memory for the Java Runtime Environment to continue.
# Native memory allocation (malloc) failed to allocate 815456 bytes for Chunk::new
# Possible reasons:
#   The system is out of physical RAM or swap space
#   In 32 bit mode, the process size limit was hit
# Possible solutions:
#   Reduce memory load on the system
#   Increase physical memory or swap space
#   Check if swap backing store is full
#   Use 64 bit Java on a 64 bit OS
#   Decrease Java heap size (-Xmx/-Xms)
#   Decrease number of Java threads
#   Decrease Java thread stack sizes (-Xss)
#   Set larger code cache with -XX:ReservedCodeCacheSize=
# This output file may be truncated or incomplete.
#
#  Out of Memory Error (allocation.cpp:390), pid=12584, tid=0x00000000000011f8
#
# JRE version: OpenJDK Runtime Environment (8.0_76-b03) (build 1.8.0_76-release-b03)
# Java VM: OpenJDK 64-Bit Server VM (25.76-b03 mixed mode windows-amd64 compressed oops)
# Failed to write core dump. Minidumps are not enabled by default on client versions of Windows
#

---------------  T H R E A D  ---------------

Current thread (0x00000000162da000):  JavaThread "C2 CompilerThread0" daemon [_thread_in_native, id=4600, stack(0x0000000017c30000,0x0000000017d30000)]

Stack: [0x0000000017c30000,0x0000000017d30000]
[error occurred during error reporting (printing stack bounds), id 0xc0000005]

Native frames: (J=compiled Java code, j=interpreted, Vv=VM code, C=native code)


Current CompileTask:
C2:  19789 2305       4       java.net.URLClassLoader$1::run (5 bytes)


---------------  P R O C E S S  ---------------

Java Threads: ( => current thread )
  0x000000001853d800 JavaThread "File lock request listener" [_thread_in_native, id=8444, stack(0x000000001b800000,0x000000001b900000)]
  0x0000000018b14000 JavaThread "Stdin handler" [_thread_blocked, id=13716, stack(0x000000001a130000,0x000000001a230000)]
  0x00000000176f2000 JavaThread "Daemon worker" [_thread_in_vm, id=9532, stack(0x000000001a030000,0x000000001a130000)]
  0x00000000176f1800 JavaThread "Cancel handler" [_thread_blocked, id=5076, stack(0x0000000019f30000,0x000000001a030000)]
  0x0000000018d52800 JavaThread "Handler for socket connection from /127.0.0.1:64787 to /127.0.0.1:64788" [_thread_in_native, id=17608, stack(0x0000000019e30000,0x0000000019f30000)]
  0x0000000018d52000 JavaThread "Daemon" [_thread_blocked, id=8012, stack(0x0000000019d30000,0x0000000019e30000)]
  0x0000000018a5f800 JavaThread "Incoming local TCP Connector on port 64787" [_thread_in_native, id=15456, stack(0x0000000019a30000,0x0000000019b30000)]
  0x00000000176a1000 JavaThread "Service Thread" daemon [_thread_blocked, id=17232, stack(0x0000000017f30000,0x0000000018030000)]
  0x000000001632e000 JavaThread "C1 CompilerThread2" daemon [_thread_blocked, id=15412, stack(0x0000000017e30000,0x0000000017f30000)]
  0x00000000162dc000 JavaThread "C2 CompilerThread1" daemon [_thread_in_native, id=12736, stack(0x0000000017d30000,0x0000000017e30000)]
=>0x00000000162da000 JavaThread "C2 CompilerThread0" daemon [_thread_in_native, id=4600, stack(0x0000000017c30000,0x0000000017d30000)]
  0x0000000016326800 JavaThread "Attach Listener" daemon [_thread_blocked, id=13280, stack(0x0000000017b30000,0x0000000017c30000)]
  0x00000000162c5800 JavaThread "Signal Dispatcher" daemon [_thread_blocked, id=2340, stack(0x0000000017a30000,0x0000000017b30000)]
  0x00000000162b8800 JavaThread "Finalizer" daemon [_thread_blocked, id=16136, stack(0x0000000017520000,0x0000000017620000)]
  0x000000000294f000 JavaThread "Reference Handler" daemon [_thread_blocked, id=13132, stack(0x0000000017420000,0x0000000017520000)]
  0x0000000002860800 JavaThread "main" [_thread_blocked, id=15516, stack(0x0000000002760000,0x0000000002860000)]

Other Threads:
  0x0000000016294800 VMThread [stack: 0x0000000017320000,0x0000000017420000] [id=14996]
  0x00000000176a2800 WatcherThread [stack: 0x0000000018030000,0x0000000018130000] [id=15800]

VM state:not at safepoint (normal execution)

VM Mutex/Monitor currently owned by a thread: None

Heap:
 PSYoungGen      total 61952K, used 17369K [0x00000000e0000000, 0x00000000e6280000, 0x0000000100000000)
  eden space 50688K, 31% used [0x00000000e0000000,0x00000000e0f92690,0x00000000e3180000)
  from space 11264K, 12% used [0x00000000e3180000,0x00000000e32e4030,0x00000000e3c80000)
  to   space 11264K, 0% used [0x00000000e5780000,0x00000000e5780000,0x00000000e6280000)
 ParOldGen       total 59904K, used 7860K [0x00000000a0000000, 0x00000000a3a80000, 0x00000000e0000000)
  object space 59904K, 13% used [0x00000000a0000000,0x00000000a07ad1a8,0x00000000a3a80000)
 Metaspace       used 23464K, capacity 24032K, committed 24192K, reserved 1071104K
  class space    used 2961K, capacity 3152K, committed 3200K, reserved 1048576K

Card table byte_map: [0x0000000011d20000,0x0000000012030000] byte_map_base: 0x0000000011820000

Marking Bits: (ParMarkBitMap*) 0x00000000651e9d00
 Begin Bits: [0x0000000012630000, 0x0000000013e30000)
 End Bits:   [0x0000000013e30000, 0x0000000015630000)

Polling page: 0x0000000000bb0000

CodeCache: size=245760Kb used=8945Kb max_used=8945Kb free=236814Kb
 bounds [0x0000000002960000, 0x0000000003230000, 0x0000000011960000]
 total_blobs=2813 nmethods=2188 adapters=539
 compilation: enabled

Compilation events (10 events):
Event: 19.562 Thread 0x000000001632e000 2322       3       java.beans.MethodRef::isSet (13 bytes)
Event: 19.563 Thread 0x000000001632e000 nmethod 2322 0x0000000003121610 code [0x0000000003121760, 0x0000000003121910]
Event: 19.573 Thread 0x000000001632e000 2323       3       org.codehaus.groovy.reflection.CachedClass::addSubclassExpandos (142 bytes)
Event: 19.575 Thread 0x000000001632e000 nmethod 2323 0x0000000003121990 code [0x0000000003121be0, 0x0000000003122bb8]
Event: 19.576 Thread 0x000000001632e000 2324       3       java.beans.PropertyDescriptor::getPropertyType0 (22 bytes)
Event: 19.577 Thread 0x000000001632e000 nmethod 2324 0x00000000031246d0 code [0x0000000003124840, 0x0000000003124ba8]
Event: 19.584 Thread 0x00000000162dc000 nmethod 2294 0x0000000003127dd0 code [0x0000000003128100, 0x0000000003129af0]
Event: 19.584 Thread 0x00000000162dc000 2307       4       sun.misc.URLClassPath::getResource (83 bytes)
Event: 19.597 Thread 0x00000000162dc000 nmethod 2307 0x0000000003125450 code [0x00000000031255c0, 0x0000000003125ca8]
Event: 19.597 Thread 0x00000000162dc000 2306   !   4       java.net.URLClassLoader$1::run (63 bytes)

GC Heap History (10 events):
Event: 16.308 GC heap before
{Heap before GC invocations=4 (full 0):
 PSYoungGen      total 38400K, used 16808K [0x00000000e0000000, 0x00000000e2a80000, 0x0000000100000000)
  eden space 33280K, 35% used [0x00000000e0000000,0x00000000e0b70148,0x00000000e2080000)
  from space 5120K, 99% used [0x00000000e2080000,0x00000000e257a020,0x00000000e2580000)
  to   space 5120K, 0% used [0x00000000e2580000,0x00000000e2580000,0x00000000e2a80000)
 ParOldGen       total 87552K, used 6645K [0x00000000a0000000, 0x00000000a5580000, 0x00000000e0000000)
  object space 87552K, 7% used [0x00000000a0000000,0x00000000a067d4d0,0x00000000a5580000)
 Metaspace       used 20826K, capacity 21168K, committed 21296K, reserved 1067008K
  class space    used 2757K, capacity 2890K, committed 2944K, reserved 1048576K
Event: 16.343 GC heap after
Heap after GC invocations=4 (full 0):
 PSYoungGen      total 38400K, used 5116K [0x00000000e0000000, 0x00000000e4b00000, 0x0000000100000000)
  eden space 33280K, 0% used [0x00000000e0000000,0x00000000e0000000,0x00000000e2080000)
  from space 5120K, 99% used [0x00000000e2580000,0x00000000e2a7f110,0x00000000e2a80000)
  to   space 5120K, 0% used [0x00000000e2080000,0x00000000e2080000,0x00000000e2580000)
 ParOldGen       total 87552K, used 8651K [0x00000000a0000000, 0x00000000a5580000, 0x00000000e0000000)
  object space 87552K, 9% used [0x00000000a0000000,0x00000000a0872c00,0x00000000a5580000)
 Metaspace       used 20826K, capacity 21168K, committed 21296K, reserved 1067008K
  class space    used 2757K, capacity 2890K, committed 2944K, reserved 1048576K
}
Event: 16.343 GC heap before
{Heap before GC invocations=5 (full 1):
 PSYoungGen      total 38400K, used 5116K [0x00000000e0000000, 0x00000000e4b00000, 0x0000000100000000)
  eden space 33280K, 0% used [0x00000000e0000000,0x00000000e0000000,0x00000000e2080000)
  from space 5120K, 99% used [0x00000000e2580000,0x00000000e2a7f110,0x00000000e2a80000)
  to   space 5120K, 0% used [0x00000000e2080000,0x00000000e2080000,0x00000000e2580000)
 ParOldGen       total 87552K, used 8651K [0x00000000a0000000, 0x00000000a5580000, 0x00000000e0000000)
  object space 87552K, 9% used [0x00000000a0000000,0x00000000a0872c00,0x00000000a5580000)
 Metaspace       used 20826K, capacity 21168K, committed 21296K, reserved 1067008K
  class space    used 2757K, capacity 2890K, committed 2944K, reserved 1048576K
Event: 16.500 GC heap after
Heap after GC invocations=5 (full 1):
 PSYoungGen      total 38400K, used 0K [0x00000000e0000000, 0x00000000e4b00000, 0x0000000100000000)
  eden space 33280K, 0% used [0x00000000e0000000,0x00000000e0000000,0x00000000e2080000)
  from space 5120K, 0% used [0x00000000e2580000,0x00000000e2580000,0x00000000e2a80000)
  to   space 5120K, 0% used [0x00000000e2080000,0x00000000e2080000,0x00000000e2580000)
 ParOldGen       total 59904K, used 7836K [0x00000000a0000000, 0x00000000a3a80000, 0x00000000e0000000)
  object space 59904K, 13% used [0x00000000a0000000,0x00000000a07a71a8,0x00000000a3a80000)
 Metaspace       used 20826K, capacity 21168K, committed 21296K, reserved 1067008K
  class space    used 2757K, capacity 2890K, committed 2944K, reserved 1048576K
}
Event: 17.909 GC heap before
{Heap before GC invocations=6 (full 1):
 PSYoungGen      total 38400K, used 33280K [0x00000000e0000000, 0x00000000e4b00000, 0x0000000100000000)
  eden space 33280K, 100% used [0x00000000e0000000,0x00000000e2080000,0x00000000e2080000)
  from space 5120K, 0% used [0x00000000e2580000,0x00000000e2580000,0x00000000e2a80000)
  to   space 5120K, 0% used [0x00000000e2080000,0x00000000e2080000,0x00000000e2580000)
 ParOldGen       total 59904K, used 7836K [0x00000000a0000000, 0x00000000a3a80000, 0x00000000e0000000)
  object space 59904K, 13% used [0x00000000a0000000,0x00000000a07a71a8,0x00000000a3a80000)
 Metaspace       used 21551K, capacity 21974K, committed 22272K, reserved 1069056K
  class space    used 2838K, capacity 2987K, committed 3072K, reserved 1048576K
Event: 17.916 GC heap after
Heap after GC invocations=6 (full 1):
 PSYoungGen      total 38400K, used 1508K [0x00000000e0000000, 0x00000000e4700000, 0x0000000100000000)
  eden space 33280K, 0% used [0x00000000e0000000,0x00000000e0000000,0x00000000e2080000)
  from space 5120K, 29% used [0x00000000e2080000,0x00000000e21f9128,0x00000000e2580000)
  to   space 10752K, 0% used [0x00000000e3c80000,0x00000000e3c80000,0x00000000e4700000)
 ParOldGen       total 59904K, used 7844K [0x00000000a0000000, 0x00000000a3a80000, 0x00000000e0000000)
  object space 59904K, 13% used [0x00000000a0000000,0x00000000a07a91a8,0x00000000a3a80000)
 Metaspace       used 21551K, capacity 21974K, committed 22272K, reserved 1069056K
  class space    used 2838K, capacity 2987K, committed 3072K, reserved 1048576K
}
Event: 18.322 GC heap before
{Heap before GC invocations=7 (full 1):
 PSYoungGen      total 38400K, used 34788K [0x00000000e0000000, 0x00000000e4700000, 0x0000000100000000)
  eden space 33280K, 100% used [0x00000000e0000000,0x00000000e2080000,0x00000000e2080000)
  from space 5120K, 29% used [0x00000000e2080000,0x00000000e21f9128,0x00000000e2580000)
  to   space 10752K, 0% used [0x00000000e3c80000,0x00000000e3c80000,0x00000000e4700000)
 ParOldGen       total 59904K, used 7844K [0x00000000a0000000, 0x00000000a3a80000, 0x00000000e0000000)
  object space 59904K, 13% used [0x00000000a0000000,0x00000000a07a91a8,0x00000000a3a80000)
 Metaspace       used 21591K, capacity 21974K, committed 22272K, reserved 1069056K
  class space    used 2838K, capacity 2987K, committed 3072K, reserved 1048576K
Event: 18.326 GC heap after
Heap after GC invocations=7 (full 1):
 PSYoungGen      total 61440K, used 1200K [0x00000000e0000000, 0x00000000e4780000, 0x0000000100000000)
  eden space 50688K, 0% used [0x00000000e0000000,0x00000000e0000000,0x00000000e3180000)
  from space 10752K, 11% used [0x00000000e3c80000,0x00000000e3dac030,0x00000000e4700000)
  to   space 11264K, 0% used [0x00000000e3180000,0x00000000e3180000,0x00000000e3c80000)
 ParOldGen       total 59904K, used 7852K [0x00000000a0000000, 0x00000000a3a80000, 0x00000000e0000000)
  object space 59904K, 13% used [0x00000000a0000000,0x00000000a07ab1a8,0x00000000a3a80000)
 Metaspace       used 21591K, capacity 21974K, committed 22272K, reserved 1069056K
  class space    used 2838K, capacity 2987K, committed 3072K, reserved 1048576K
}
Event: 18.876 GC heap before
{Heap before GC invocations=8 (full 1):
 PSYoungGen      total 61440K, used 51888K [0x00000000e0000000, 0x00000000e4780000, 0x0000000100000000)
  eden space 50688K, 100% used [0x00000000e0000000,0x00000000e3180000,0x00000000e3180000)
  from space 10752K, 11% used [0x00000000e3c80000,0x00000000e3dac030,0x00000000e4700000)
  to   space 11264K, 0% used [0x00000000e3180000,0x00000000e3180000,0x00000000e3c80000)
 ParOldGen       total 59904K, used 7852K [0x00000000a0000000, 0x00000000a3a80000, 0x00000000e0000000)
  object space 59904K, 13% used [0x00000000a0000000,0x00000000a07ab1a8,0x00000000a3a80000)
 Metaspace       used 21591K, capacity 21974K, committed 22272K, reserved 1069056K
  class space    used 2838K, capacity 2987K, committed 3072K, reserved 1048576K
Event: 18.884 GC heap after
Heap after GC invocations=8 (full 1):
 PSYoungGen      total 61952K, used 1424K [0x00000000e0000000, 0x00000000e6280000, 0x0000000100000000)
  eden space 50688K, 0% used [0x00000000e0000000,0x00000000e0000000,0x00000000e3180000)
  from space 11264K, 12% used [0x00000000e3180000,0x00000000e32e4030,0x00000000e3c80000)
  to   space 11264K, 0% used [0x00000000e5780000,0x00000000e5780000,0x00000000e6280000)
 ParOldGen       total 59904K, used 7860K [0x00000000a0000000, 0x00000000a3a80000, 0x00000000e0000000)
  object space 59904K, 13% used [0x00000000a0000000,0x00000000a07ad1a8,0x00000000a3a80000)
 Metaspace       used 21591K, capacity 21974K, committed 22272K, reserved 1069056K
  class space    used 2838K, capacity 2987K, committed 3072K, reserved 1048576K
}

Deoptimization events (10 events):
Event: 17.214 Thread 0x00000000176f2000 Uncommon trap: reason=unstable_if action=reinterpret pc=0x0000000002ef6894 method=groovyjarjarantlr.ANTLRStringBuffer.append(C)V @ 9
Event: 18.929 Thread 0x00000000176f2000 Uncommon trap: reason=unstable_if action=reinterpret pc=0x0000000002fedadc method=org.codehaus.groovy.ast.ClassNode.redirect()Lorg/codehaus/groovy/ast/ClassNode; @ 4
Event: 18.938 Thread 0x00000000176f2000 Uncommon trap: reason=unstable_if action=reinterpret pc=0x000000000304b29c method=org.codehaus.groovy.ast.ClassNode.redirect()Lorg/codehaus/groovy/ast/ClassNode; @ 4
Event: 18.953 Thread 0x00000000176f2000 Uncommon trap: reason=unstable_if action=reinterpret pc=0x0000000002bbb3f0 method=java.util.LinkedHashMap.afterNodeInsertion(Z)V @ 1
Event: 19.103 Thread 0x00000000176f2000 Uncommon trap: reason=unstable_if action=reinterpret pc=0x0000000002a7a464 method=java.util.HashMap.hash(Ljava/lang/Object;)I @ 1
Event: 19.453 Thread 0x00000000176f2000 Uncommon trap: reason=class_check action=maybe_recompile pc=0x0000000002cde294 method=sun.misc.URLClassPath.getLoader(I)Lsun/misc/URLClassPath$Loader; @ 94
Event: 19.453 Thread 0x00000000176f2000 Uncommon trap: reason=class_check action=maybe_recompile pc=0x0000000002e831a0 method=sun.misc.URLClassPath.getResource(Ljava/lang/String;Z)Lsun/misc/Resource; @ 62
Event: 19.478 Thread 0x00000000176f2000 Uncommon trap: reason=class_check action=maybe_recompile pc=0x0000000002cde3cc method=sun.misc.URLClassPath.getLoader(I)Lsun/misc/URLClassPath$Loader; @ 193
Event: 19.480 Thread 0x00000000176f2000 Uncommon trap: reason=class_check action=maybe_recompile pc=0x0000000002cde3cc method=sun.misc.URLClassPath.getLoader(I)Lsun/misc/URLClassPath$Loader; @ 193
Event: 19.502 Thread 0x00000000176f2000 Uncommon trap: reason=class_check action=maybe_recompile pc=0x0000000002cde3cc method=sun.misc.URLClassPath.getLoader(I)Lsun/misc/URLClassPath$Loader; @ 193

Internal exceptions (10 events):
Event: 17.012 Thread 0x00000000176f2000 Exception <a 'java/lang/ClassNotFoundException': org/gradle/groovy/scripts/DefaultScriptCustomizer> (0x00000000e0380f40) thrown at [C:\src\android\AOSP-openjdk\external\jetbrains\jdk\hotspot\src\share\vm\classfile\systemDictionary.cpp, line 210]
Event: 17.030 Thread 0x00000000176f2000 Exception <a 'java/lang/ClassNotFoundException': org/gradle/initialization/InitScriptCustomizer> (0x00000000e03bf0a8) thrown at [C:\src\android\AOSP-openjdk\external\jetbrains\jdk\hotspot\src\share\vm\classfile\systemDictionary.cpp, line 210]
Event: 17.038 Thread 0x00000000176f2000 Exception <a 'java/lang/ClassNotFoundException': org/gradle/initialization/InitScript_DecoratedCustomizer> (0x00000000e03f5100) thrown at [C:\src\android\AOSP-openjdk\external\jetbrains\jdk\hotspot\src\share\vm\classfile\systemDictionary.cpp, line 210]
Event: 19.103 Thread 0x00000000176f2000 Implicit null exception at 0x0000000002a7a255 to 0x0000000002a7a455
Event: 19.479 Thread 0x00000000176f2000 Exception <a 'java/lang/ClassNotFoundException': asLocalRepo263_edhde6i1gvpd1fdm5q50cr4brBeanInfo> (0x00000000e0b3c858) thrown at [C:\src\android\AOSP-openjdk\external\jetbrains\jdk\hotspot\src\share\vm\classfile\systemDictionary.cpp, line 210]
Event: 19.481 Thread 0x00000000176f2000 Exception <a 'java/lang/ClassNotFoundException': asLocalRepo263_edhde6i1gvpd1fdm5q50cr4brCustomizer> (0x00000000e0b464e0) thrown at [C:\src\android\AOSP-openjdk\external\jetbrains\jdk\hotspot\src\share\vm\classfile\systemDictionary.cpp, line 210]
Event: 19.510 Thread 0x00000000176f2000 Exception <a 'java/lang/ClassNotFoundException': groovy/lang/Closure$1BeanInfo> (0x00000000e0bae7d8) thrown at [C:\src\android\AOSP-openjdk\external\jetbrains\jdk\hotspot\src\share\vm\classfile\systemDictionary.cpp, line 210]
Event: 19.512 Thread 0x00000000176f2000 Exception <a 'java/lang/ClassNotFoundException': groovy/lang/ClosureBeanInfo> (0x00000000e0bc1520) thrown at [C:\src\android\AOSP-openjdk\external\jetbrains\jdk\hotspot\src\share\vm\classfile\systemDictionary.cpp, line 210]
Event: 19.514 Thread 0x00000000176f2000 Exception <a 'java/lang/ClassNotFoundException': groovy/lang/ClosureCustomizer> (0x00000000e0bd4b90) thrown at [C:\src\android\AOSP-openjdk\external\jetbrains\jdk\hotspot\src\share\vm\classfile\systemDictionary.cpp, line 210]
Event: 19.547 Thread 0x00000000176f2000 Exception <a 'java/lang/ClassNotFoundException': groovy/lang/Closure$1Customizer> (0x00000000e0c0d0e8) thrown at [C:\src\android\AOSP-openjdk\external\jetbrains\jdk\hotspot\src\share\vm\classfile\systemDictionary.cpp, line 210]

Events (10 events):
Event: 19.564 loading class org/codehaus/groovy/runtime/metaclass/ClosureMetaClass
Event: 19.564 loading class org/codehaus/groovy/runtime/metaclass/ClosureMetaClass done
Event: 19.568 loading class org/codehaus/groovy/runtime/metaclass/ClosureMetaClass$1
Event: 19.568 loading class org/codehaus/groovy/runtime/metaclass/ClosureMetaClass$1 done
Event: 19.571 loading class org/codehaus/groovy/runtime/metaclass/ClosureMetaClass$MethodChooser
Event: 19.571 loading class org/codehaus/groovy/runtime/metaclass/ClosureMetaClass$MethodChooser done
Event: 19.578 loading class org/codehaus/groovy/runtime/metaclass/ClosureMetaClass$StandardClosureChooser
Event: 19.578 loading class org/codehaus/groovy/runtime/metaclass/ClosureMetaClass$StandardClosureChooser done
Event: 19.579 loading class org/codehaus/groovy/runtime/ArrayUtil
Event: 19.579 loading class org/codehaus/groovy/runtime/ArrayUtil done


Dynamic libraries:
0x00007ff66be90000 - 0x00007ff66bec1000 	D:\Program Files\Android\Android Studio\jre\bin\java.exe
0x00007ff9f9220000 - 0x00007ff9f93fb000 	C:\WINDOWS\SYSTEM32\ntdll.dll
0x00007ff9f8e00000 - 0x00007ff9f8eae000 	C:\WINDOWS\System32\KERNEL32.DLL
0x00007ff9f5d30000 - 0x00007ff9f5f79000 	C:\WINDOWS\System32\KERNELBASE.dll
0x00007ff9f8be0000 - 0x00007ff9f8c81000 	C:\WINDOWS\System32\ADVAPI32.dll
0x00007ff9f6d80000 - 0x00007ff9f6e1d000 	C:\WINDOWS\System32\msvcrt.dll
0x00007ff9f9020000 - 0x00007ff9f9079000 	C:\WINDOWS\System32\sechost.dll
0x00007ff9f8700000 - 0x00007ff9f8825000 	C:\WINDOWS\System32\RPCRT4.dll
0x00007ff9f8830000 - 0x00007ff9f897a000 	C:\WINDOWS\System32\USER32.dll
0x00007ff9f5910000 - 0x00007ff9f592e000 	C:\WINDOWS\System32\win32u.dll
0x00007ff9f8670000 - 0x00007ff9f8697000 	C:\WINDOWS\System32\GDI32.dll
0x00007ff9f5b00000 - 0x00007ff9f5c87000 	C:\WINDOWS\System32\gdi32full.dll
0x00007ff9f5c90000 - 0x00007ff9f5d2a000 	C:\WINDOWS\System32\msvcp_win.dll
0x00007ff9f6680000 - 0x00007ff9f6776000 	C:\WINDOWS\System32\ucrtbase.dll
0x00007ff9ebc20000 - 0x00007ff9ebe87000 	C:\WINDOWS\WinSxS\amd64_microsoft.windows.common-controls_6595b64144ccf1df_6.0.15063.483_none_26002d27e7c744a2\COMCTL32.dll
0x00007ff9f8370000 - 0x00007ff9f8669000 	C:\WINDOWS\System32\combase.dll
0x00007ff9f5990000 - 0x00007ff9f59fa000 	C:\WINDOWS\System32\bcryptPrimitives.dll
0x00007ff9f6790000 - 0x00007ff9f67bd000 	C:\WINDOWS\System32\IMM32.DLL
0x0000000064950000 - 0x0000000064a22000 	D:\Program Files\Android\Android Studio\jre\jre\bin\msvcr100.dll
0x0000000064a30000 - 0x0000000065264000 	D:\Program Files\Android\Android Studio\jre\jre\bin\server\jvm.dll
0x00007ff9f6780000 - 0x00007ff9f6788000 	C:\WINDOWS\System32\PSAPI.DLL
0x00007ff9f3b20000 - 0x00007ff9f3b43000 	C:\WINDOWS\SYSTEM32\WINMM.dll
0x00007ff9edb00000 - 0x00007ff9edb0a000 	C:\WINDOWS\SYSTEM32\VERSION.dll
0x00007ff9f3860000 - 0x00007ff9f388b000 	C:\WINDOWS\SYSTEM32\WINMMBASE.dll
0x00007ff9ea790000 - 0x00007ff9ea799000 	C:\WINDOWS\SYSTEM32\WSOCK32.dll
0x00007ff9f5a00000 - 0x00007ff9f5a49000 	C:\WINDOWS\System32\cfgmgr32.dll
0x00007ff9f6c10000 - 0x00007ff9f6c7c000 	C:\WINDOWS\System32\WS2_32.dll
0x00007ff9f2930000 - 0x00007ff9f293f000 	D:\Program Files\Android\Android Studio\jre\jre\bin\verify.dll
0x00007ff9ee160000 - 0x00007ff9ee189000 	D:\Program Files\Android\Android Studio\jre\jre\bin\java.dll
0x00007ff9edb80000 - 0x00007ff9edb96000 	D:\Program Files\Android\Android Studio\jre\jre\bin\zip.dll
0x00007ff9f6e20000 - 0x00007ff9f8256000 	C:\WINDOWS\System32\SHELL32.dll
0x00007ff9f82c0000 - 0x00007ff9f836a000 	C:\WINDOWS\System32\shcore.dll
0x00007ff9f5f80000 - 0x00007ff9f6671000 	C:\WINDOWS\System32\windows.storage.dll
0x00007ff9f6d20000 - 0x00007ff9f6d71000 	C:\WINDOWS\System32\shlwapi.dll
0x00007ff9f5720000 - 0x00007ff9f5731000 	C:\WINDOWS\System32\kernel.appcore.dll
0x00007ff9f56d0000 - 0x00007ff9f571c000 	C:\WINDOWS\System32\powrprof.dll
0x00007ff9f56b0000 - 0x00007ff9f56c5000 	C:\WINDOWS\System32\profapi.dll
0x00007ff9f50f0000 - 0x00007ff9f5107000 	C:\WINDOWS\SYSTEM32\CRYPTSP.dll
0x00007ff9f4b60000 - 0x00007ff9f4b94000 	C:\WINDOWS\system32\rsaenh.dll
0x00007ff9f5560000 - 0x00007ff9f5585000 	C:\WINDOWS\SYSTEM32\bcrypt.dll
0x00007ff9f5590000 - 0x00007ff9f55b9000 	C:\WINDOWS\SYSTEM32\USERENV.dll
0x00007ff9f50e0000 - 0x00007ff9f50eb000 	C:\WINDOWS\SYSTEM32\CRYPTBASE.dll
0x00007ff9edb60000 - 0x00007ff9edb7a000 	D:\Program Files\Android\Android Studio\jre\jre\bin\net.dll
0x00007ff9f4f40000 - 0x00007ff9f4f9c000 	C:\WINDOWS\system32\mswsock.dll
0x00007ff9f4ce0000 - 0x00007ff9f4d17000 	C:\WINDOWS\SYSTEM32\IPHLPAPI.DLL
0x00007ff9f8c90000 - 0x00007ff9f8c98000 	C:\WINDOWS\System32\NSI.dll
0x00007ff9f00d0000 - 0x00007ff9f00e6000 	C:\WINDOWS\SYSTEM32\dhcpcsvc6.DLL
0x00007ff9f0060000 - 0x00007ff9f007a000 	C:\WINDOWS\SYSTEM32\dhcpcsvc.DLL
0x00007ff9ed920000 - 0x00007ff9ed931000 	D:\Program Files\Android\Android Studio\jre\jre\bin\nio.dll
0x00007ff9e2070000 - 0x00007ff9e2082000 	C:\Users\yzc\AppData\Local\Temp\native-platform2412621795038970698dir\native-platform.dll

VM Arguments:
jvm_args: -Xmx1536m -Dfile.encoding=GBK -Duser.country=CN -Duser.language=zh -Duser.variant 
java_command: org.gradle.launcher.daemon.bootstrap.GradleDaemon 2.2 C:\Users\yzc\.gradle\daemon 10800000 a78f546e-6a9c-41c3-bbea-5dcdacef6fdd -Xmx1536m -Dfile.encoding=GBK -Duser.country=CN -Duser.language=zh -Duser.variant
java_class_path (initial): C:\Users\yzc\.gradle\wrapper\dists\gradle-2.2-all\1vevkra640w3rb9hkuw50q5we\gradle-2.2\lib\gradle-launcher-2.2.jar
Launcher Type: SUN_STANDARD

Environment Variables:
JAVA_HOME=D:\Program Files\Java\jdk1.8.0_131
CLASSPATH=.;D:\Program Files\Java\jdk1.8.0_131\lib\dt.jar;D:\Program Files\Java\jdk1.8.0_131\lib\tools.jar;
PATH=C:\Python27\;C:\Python27\Scripts;D:\oraclexe\app\oracle\product\11.2.0\server\bin;D:\Program Files (x86)\Parasoft\C++test\bin;C:\Windows\system32;C:\Windows;C:\Windows\System32\Wbem;C:\Windows\System32\WindowsPowerShell\v1.0\;C:\Program Files (x86)\NVIDIA Corporation\PhysX\Common;D:\Program Files\Java\jdk1.8.0_131\bin;C:\Program Files\MySQL\MySQL Server 5.7;C:\WINDOWS\system32;C:\WINDOWS;C:\WINDOWS\System32\Wbem;C:\WINDOWS\System32\WindowsPowerShell\v1.0\;"D:\Program Files\Java\jdk1.8.0_131\jre\bin;";C:\ProgramData\chocolatey\bin;C:\Program Files\nodejs\;C:\Program Files\Git\cmd;D:\Program Files (x86)\Microsoft Visual Studio\Common\Tools\WinNT;D:\Program Files (x86)\Microsoft Visual Studio\Common\MSDev98\Bin;D:\Program Files (x86)\Microsoft Visual Studio\Common\Tools;D:\Program Files (x86)\Microsoft Visual Studio\VC98\bin;C:\Users\yzc\AppData\Local\Microsoft\WindowsApps;C:\Users\yzc\AppData\Roaming\npm
USERNAME=yzc
OS=Windows_NT
PROCESSOR_IDENTIFIER=Intel64 Family 6 Model 55 Stepping 8, GenuineIntel



---------------  S Y S T E M  ---------------

OS: Windows 10.0 , 64 bit Build 15063 (10.0.15063.296)

CPU:total 4 (4 cores per cpu, 1 threads per core) family 6 model 55 stepping 8, cmov, cx8, fxsr, mmx, sse, sse2, sse3, ssse3, sse4.1, sse4.2, popcnt, clmul, erms, 3dnowpref, tsc, tscinvbit

Memory: 4k page, physical 8269012k(925768k free), swap 9288464k(3308k free)

vm_info: OpenJDK 64-Bit Server VM (25.76-b03) for windows-amd64 JRE (1.8.0_76-release-b03), built on Jun 29 2016 19:09:20 by "ralucas" with MS VC++ 10.0 (VS2010)

time: Wed Nov 01 11:19:52 2017
elapsed time: 19 seconds (0d 0h 0m 19s)

